<?xml version="1.0" encoding="UTF-8"?>
<testsuite xmlns:xsi="http://www.w3.org/2001/XMLSchema-instance" xsi:schemaLocation="https://maven.apache.org/surefire/maven-surefire-plugin/xsd/surefire-test-report.xsd" name="RunTest" time="131.469" tests="8" errors="0" skipped="0" failures="0">
  <properties>
[...]
</properties>
  <testcase name="Given un dato de tipo numero            " classname="Given un dato de tipo numero            " time="0.004"/>
  <testcase name="When es ingresado en el campo de input &quot;1&quot;             " classname="When es ingresado en el campo de input &quot;1&quot;             " time="0"/>
  <testcase name="Then se muestra el resultado de la temperatura              " classname="Then se muestra el resultado de la temperatura              " time="0"/>
  <testcase name="Scenario: Datos validos           " classname="Scenario: Datos validos           " time="0.002"/>
  <testcase name="Given un dato de tipo texto                " classname="Given un dato de tipo texto                " time="0"/>
  <testcase name="When es ingresado en el campo de input &quot;e&quot;                 " classname="When es ingresado en el campo de input &quot;e&quot;                 " time="0"/>
  <testcase name="Then se muestra un error                  " classname="Then se muestra un error                  " time="0"/>
  <testcase name="Scenario: Datos invalidos               " classname="Scenario: Datos invalidos               " time="0.002"/>
</testsuite>